[DEBUG][21-04-07][org.apache.ibatis.logging.LogFactory]Logging initialized using 'class org.apache.ibatis.logging.log4j.Log4jImpl' adapter.
[DEBUG][21-04-07][org.apache.ibatis.logging.LogFactory]Logging initialized using 'class org.apache.ibatis.logging.log4j.Log4jImpl' adapter.
[DEBUG][21-04-07][org.apache.ibatis.datasource.pooled.PooledDataSource]PooledDataSource forcefully closed/removed all connections.
[DEBUG][21-04-07][org.apache.ibatis.datasource.pooled.PooledDataSource]PooledDataSource forcefully closed/removed all connections.
[DEBUG][21-04-07][org.apache.ibatis.datasource.pooled.PooledDataSource]PooledDataSource forcefully closed/removed all connections.
[DEBUG][21-04-07][org.apache.ibatis.datasource.pooled.PooledDataSource]PooledDataSource forcefully closed/removed all connections.
[DEBUG][21-04-07][org.apache.ibatis.logging.LogFactory]Logging initialized using 'class org.apache.ibatis.logging.log4j.Log4jImpl' adapter.
[DEBUG][21-04-07][org.apache.ibatis.logging.LogFactory]Logging initialized using 'class org.apache.ibatis.logging.log4j.Log4jImpl' adapter.
[DEBUG][21-04-07][org.apache.ibatis.datasource.pooled.PooledDataSource]PooledDataSource forcefully closed/removed all connections.
[DEBUG][21-04-07][org.apache.ibatis.datasource.pooled.PooledDataSource]PooledDataSource forcefully closed/removed all connections.
[DEBUG][21-04-07][org.apache.ibatis.datasource.pooled.PooledDataSource]PooledDataSource forcefully closed/removed all connections.
[DEBUG][21-04-07][org.apache.ibatis.datasource.pooled.PooledDataSource]PooledDataSource forcefully closed/removed all connections.
[DEBUG][21-04-07][org.apache.ibatis.logging.LogFactory]Logging initialized using 'class org.apache.ibatis.logging.log4j.Log4jImpl' adapter.
[DEBUG][21-04-07][org.apache.ibatis.logging.LogFactory]Logging initialized using 'class org.apache.ibatis.logging.log4j.Log4jImpl' adapter.
[DEBUG][21-04-07][org.apache.ibatis.datasource.pooled.PooledDataSource]PooledDataSource forcefully closed/removed all connections.
[DEBUG][21-04-07][org.apache.ibatis.datasource.pooled.PooledDataSource]PooledDataSource forcefully closed/removed all connections.
[DEBUG][21-04-07][org.apache.ibatis.datasource.pooled.PooledDataSource]PooledDataSource forcefully closed/removed all connections.
[DEBUG][21-04-07][org.apache.ibatis.datasource.pooled.PooledDataSource]PooledDataSource forcefully closed/removed all connections.
[DEBUG][21-04-07][org.apache.ibatis.transaction.jdbc.JdbcTransaction]Opening JDBC Connection
[DEBUG][21-04-07][org.apache.ibatis.datasource.pooled.PooledDataSource]Created connection 1841396611.
[DEBUG][21-04-07][com.da.dao.TeacherMapper.getTeacher]==>  Preparing: select * from teacher where id = ? 
[DEBUG][21-04-07][com.da.dao.TeacherMapper.getTeacher]==> Parameters: 1(Integer)
[DEBUG][21-04-07][com.da.dao.TeacherMapper.getTeacher]<==      Total: 1
[DEBUG][21-04-07][org.apache.ibatis.transaction.jdbc.JdbcTransaction]Closing JDBC Connection [com.mysql.jdbc.JDBC4Connection@6dc17b83]
[DEBUG][21-04-07][org.apache.ibatis.datasource.pooled.PooledDataSource]Returned connection 1841396611 to pool.
